$ python src/main.py -g all

✅ pass: the
✅ pass: rand
✅ pass: some
1 0.53 0.3
2 0.26 0.31
✅ pass: nums
a 1.38
✅ pass: syms
✅ pass: csv
68.0 455.0 151.0 100.7751937984496
{'Lbs-': 2807.0, 'Acc+': 15.5, 'Mpg+': 20.0, 'N': 398}
✅ pass: data
{'Lbs-': 2807.0, 'Acc+': 15.5, 'Mpg+': 20.0, 'N': 398}
{'Lbs-': 2807.0, 'Acc+': 15.5, 'Mpg+': 20.0, 'N': 398}
✅ pass: clone
> 1.0 False
> 1.025 False
> 1.0506 False
> 1.0769 False
> 1.1038 False
> 1.1314 True
✅ pass: cliffs
{'lo': 0.0, 'hi': 0.8746495688429434, 'mid': 1, 'div': 0}
✅ pass: dist
199 199
l {'Lbs-': 3365.0, 'Acc+': 15.4, 'Mpg+': 20.0, 'N': 199}
r {'Lbs-': 2310.0, 'Acc+': 15.5, 'Mpg+': 30.0, 'N': 199}
✅ pass: half
[398]{'Lbs-': 2807.0, 'Acc+': 15.5, 'Mpg+': 20.0, 'N': 398}
|.. [199]
|.. |.. [100]
|.. |.. |.. [50]
|.. |.. |.. |.. [25]{'Lbs-': 4077.0, 'Acc+': 12.0, 'Mpg+': 20.0, 'N': 25}
|.. |.. |.. |.. [25]{'Lbs-': 3278.0, 'Acc+': 16.0, 'Mpg+': 20.0, 'N': 25}
|.. |.. |.. [50]
|.. |.. |.. |.. [25]{'Lbs-': 3233.0, 'Acc+': 16.9, 'Mpg+': 20.0, 'N': 25}
|.. |.. |.. |.. [25]{'Lbs-': 2401.0, 'Acc+': 16.5, 'Mpg+': 20.0, 'N': 25}
|.. |.. [99]
|.. |.. |.. [50]
|.. |.. |.. |.. [25]{'Lbs-': 4456.0, 'Acc+': 12.0, 'Mpg+': 10.0, 'N': 25}
|.. |.. |.. |.. [25]{'Lbs-': 4220.0, 'Acc+': 13.0, 'Mpg+': 10.0, 'N': 25}
|.. |.. |.. [49]
|.. |.. |.. |.. [25]{'Lbs-': 3940.0, 'Acc+': 13.7, 'Mpg+': 20.0, 'N': 25}
|.. |.. |.. |.. [24]{'Lbs-': 3381.0, 'Acc+': 16.6, 'Mpg+': 20.0, 'N': 24}
|.. [199]
|.. |.. [100]
|.. |.. |.. [50]
|.. |.. |.. |.. [25]{'Lbs-': 2278.0, 'Acc+': 16.5, 'Mpg+': 30.0, 'N': 25}
|.. |.. |.. |.. [25]{'Lbs-': 2110.0, 'Acc+': 16.4, 'Mpg+': 30.0, 'N': 25}
|.. |.. |.. [50]
|.. |.. |.. |.. [25]{'Lbs-': 2575.0, 'Acc+': 16.4, 'Mpg+': 30.0, 'N': 25}
|.. |.. |.. |.. [25]{'Lbs-': 2205.0, 'Acc+': 16.1, 'Mpg+': 30.0, 'N': 25}
|.. |.. [99]
|.. |.. |.. [50]
|.. |.. |.. |.. [25]{'Lbs-': 2219.0, 'Acc+': 15.3, 'Mpg+': 30.0, 'N': 25}
|.. |.. |.. |.. [25]{'Lbs-': 2500.0, 'Acc+': 15.8, 'Mpg+': 30.0, 'N': 25}
|.. |.. |.. [49]
|.. |.. |.. |.. [25]{'Lbs-': 2300.0, 'Acc+': 15.5, 'Mpg+': 30.0, 'N': 25}
|.. |.. |.. |.. [24]{'Lbs-': 2234.0, 'Acc+': 17.5, 'Mpg+': 30.0, 'N': 24}
✅ pass: tree

all  {'Lbs-': 2807.0, 'Acc+': 15.5, 'Mpg+': 20.0, 'N': 398}
     {'Lbs-': 888.76, 'Acc+': 2.71, 'Mpg+': 7.75, 'N': 398}

best {'Lbs-': 2108.0, 'Acc+': 15.3, 'Mpg+': 30.0, 'N': 13}
     {'Lbs-': 184.11, 'Acc+': 0.97, 'Mpg+': 3.88, 'N': 13}

rest {'Lbs-': 2789.0, 'Acc+': 15.0, 'Mpg+': 20.0, 'N': 52}
     {'Lbs-': 852.71, 'Acc+': 2.13, 'Mpg+': 3.88, 'N': 52}

all ~= best? [(True, 'Lbs-'), (False, 'Acc+'), (True, 'Mpg+')]
best ~= rest? [(True, 'Lbs-'), (False, 'Acc+'), (True, 'Mpg+')]
✅ pass: sway
all    {best= 12, rest= 48}

Clndrs -inf 3.0 0 {'rest': 1}
Clndrs 3.0 4.0 1 {'best': 12, 'rest': 24}
Clndrs 4.0 inf 0 {'rest': 23}

Volume -inf 90.0 0 {'best': 4, 'rest': 5}
Volume 90.0 116.0 0 {'best': 6, 'rest': 8}
Volume 116.0 141.0 0 {'best': 2, 'rest': 9}
Volume 141.0 inf 0 {'rest': 26}

Model -inf 79.0 0 {'rest': 37}
Model 79.0 81.0 1 {'best': 10, 'rest': 7}
Model 81.0 inf 0 {'best': 2, 'rest': 4}

origin 1.0 1.0 0 {'rest': 29}
origin 2.0 2.0 1 {'best': 12, 'rest': 7}
origin 3.0 3.0 0 {'rest': 12}
✅ pass: bins

Clndrs -inf 3.0
Clndrs 3.0 4.0
Clndrs 4.0 inf

Volume -inf 86.0
Volume 86.0 113.0
Volume 113.0 inf

Model -inf 70.0
Model 70.0 73.0
Model 73.0 74.0
Model 74.0 75.0
Model 75.0 77.0
Model 77.0 inf

origin 1.0 1.0
origin 2.0 2.0
origin 3.0 3.0

origin 3.0 3.0 0.87 {'best': 13, 'rest': 8}
Clndrs 3.0 4.0 0.56 {'best': 11, 'rest': 22}
Model 75.0 77.0 0.43 {'best': 7, 'rest': 7}
Volume 86.0 113.0 0.41 {'best': 7, 'rest': 9}
Volume -inf 86.0 0.38 {'best': 6, 'rest': 5}
Clndrs -inf 3.0 0.15 {'best': 2}
Model 73.0 74.0 0.12 {'best': 2, 'rest': 2}
Model 74.0 75.0 0.11 {'best': 2, 'rest': 3}
Model 70.0 73.0 0.06 {'best': 2, 'rest': 12}
Clndrs 4.0 inf 0.0 {'rest': 30}
Volume 113.0 inf 0.0 {'rest': 38}
Model -inf 70.0 0.0 {'rest': 5}
Model 77.0 inf 0.0 {'rest': 23}
origin 1.0 1.0 0.0 {'rest': 35}
origin 2.0 2.0 0.0 {'rest': 9}
{'origin': [3.0]}
{'origin': [3.0], 'Clndrs': [[3.0, 4.0]]}
{'origin': [3.0], 'Clndrs': [[3.0, 4.0]], 'Model': [[75.0, 77.0]]}
{'origin': [3.0], 'Clndrs': [[3.0, 4.0]], 'Model': [[75.0, 77.0]], 'Volume': [[86.0, 113.0]]}
{'origin': [3.0], 'Clndrs': [[3.0, 4.0]], 'Model': [[75.0, 77.0]], 'Volume': [[-inf, 113.0]]}
{'origin': [3.0], 'Clndrs': [[-inf, 4.0]], 'Model': [[75.0, 77.0]], 'Volume': [[-inf, 113.0]]}
{'origin': [3.0], 'Clndrs': [[-inf, 4.0]], 'Model': [[73.0, 74.0], [75.0, 77.0]], 'Volume': [[-inf, 113.0]]}
{'origin': [3.0], 'Clndrs': [[-inf, 4.0]], 'Model': [[73.0, 77.0]], 'Volume': [[-inf, 113.0]]}

-----------
explain= {'origin': [3.0]}
all                 {'Lbs-': 2807.0, 'Acc+': 15.5, 'Mpg+': 20.0, 'N': 398} {'Lbs-': 888.76, 'Acc+': 2.71, 'Mpg+': 7.75, 'N': 398}
sway with   6 evals {'Lbs-': 1990.0, 'Acc+': 16.8, 'Mpg+': 30.0, 'N': 13} {'Lbs-': 182.17, 'Acc+': 1.94, 'Mpg+': 3.88, 'N': 13}
xpln on     6 evals {'Lbs-': 2155.0, 'Acc+': 16.4, 'Mpg+': 30.0, 'N': 79} {'Lbs-': 353.1, 'Acc+': 2.13, 'Mpg+': 7.75, 'N': 79}
sort with 398 evals {'Lbs-': 2025.0, 'Acc+': 18.8, 'Mpg+': 40.0, 'N': 13} {'Lbs-': 118.22, 'Acc+': 2.25, 'Mpg+': 0.0, 'N': 13}
✅ pass: xpln
